[DGE] {17/4/2022 1:35:08 PM} [Info]: Loaded and initialized [DGE-Framework 0.2.16.0]
[DGE] {17/4/2022 1:35:08 PM} [Info]: Loaded and initialized [TheSpy 0.0.0.0]
[DGE] {17/4/2022 1:35:08 PM} [Info]: Starting DGE Main
[DGE] {17/4/2022 1:35:08 PM} [Info]: Started DGE Main
[DGE] {17/4/2022 1:35:11 PM} [Info]: [User]: "showapps"
[DGE-CC] {17/4/2022 1:35:11 PM} [Info]: Instanced applications :
[DGE] {17/4/2022 1:35:12 PM} [Info]: [User]: "help"
[DGE-CC] {17/4/2022 1:35:12 PM} [Info]: Commands that exist :
- exit
- au
- help
- startapp
- stopapp
- showapps
- fgc
- showmodules
- restart
- pack
[DGE] {17/4/2022 1:35:14 PM} [Info]: [User]: "showmodules"
[DGE-CC] {17/4/2022 1:35:14 PM} [Info]: Loaded assembly DGE Modules :
 - [DGE-Framework 0.2.16.0]
 - [TheSpy 0.0.0.0]
